have_library: checking for main() in -llevenshtein_array... -------------------- no

"gcc -o conftest -I/Users/esdrasmayrink/.rvm/rubies/ruby-1.9.2-p136/include/ruby-1.9.1/x86_64-darwin10.5.0 -I/Users/esdrasmayrink/.rvm/rubies/ruby-1.9.2-p136/include/ruby-1.9.1/ruby/backward -I/Users/esdrasmayrink/.rvm/rubies/ruby-1.9.2-p136/include/ruby-1.9.1 -I../../../../ext/levenshtein_in_c -D_XOPEN_SOURCE -D_DARWIN_C_SOURCE    -O3 -ggdb -Wextra -Wno-unused-parameter -Wno-parentheses -Wpointer-arith -Wwrite-strings -Wno-missing-field-initializers -Wshorten-64-to-32 -Wno-long-long  -fno-common -pipe conftest.c  -L. -L/Users/esdrasmayrink/.rvm/rubies/ruby-1.9.2-p136/lib -L. -L/usr/local/lib     -lruby.1.9.1-static  -lpthread -ldl -lobjc "
checked program was:
/* begin */
1: #include "ruby.h"
2: 
3: int main() {return 0;}
/* end */

"gcc -o conftest -I/Users/esdrasmayrink/.rvm/rubies/ruby-1.9.2-p136/include/ruby-1.9.1/x86_64-darwin10.5.0 -I/Users/esdrasmayrink/.rvm/rubies/ruby-1.9.2-p136/include/ruby-1.9.1/ruby/backward -I/Users/esdrasmayrink/.rvm/rubies/ruby-1.9.2-p136/include/ruby-1.9.1 -I../../../../ext/levenshtein_in_c -D_XOPEN_SOURCE -D_DARWIN_C_SOURCE    -O3 -ggdb -Wextra -Wno-unused-parameter -Wno-parentheses -Wpointer-arith -Wwrite-strings -Wno-missing-field-initializers -Wshorten-64-to-32 -Wno-long-long  -fno-common -pipe conftest.c  -L. -L/Users/esdrasmayrink/.rvm/rubies/ruby-1.9.2-p136/lib -L. -L/usr/local/lib     -lruby.1.9.1-static -llevenshtein_array  -lpthread -ldl -lobjc "
ld: library not found for -llevenshtein_array
collect2: ld returned 1 exit status
checked program was:
/* begin */
1: #include "ruby.h"
2: 
3: /*top*/
4: int main() {return 0;}
5: int t() { void ((*volatile p)()); p = (void ((*)()))main; return 0; }
/* end */

"gcc -o conftest -I/Users/esdrasmayrink/.rvm/rubies/ruby-1.9.2-p136/include/ruby-1.9.1/x86_64-darwin10.5.0 -I/Users/esdrasmayrink/.rvm/rubies/ruby-1.9.2-p136/include/ruby-1.9.1/ruby/backward -I/Users/esdrasmayrink/.rvm/rubies/ruby-1.9.2-p136/include/ruby-1.9.1 -I../../../../ext/levenshtein_in_c -D_XOPEN_SOURCE -D_DARWIN_C_SOURCE    -O3 -ggdb -Wextra -Wno-unused-parameter -Wno-parentheses -Wpointer-arith -Wwrite-strings -Wno-missing-field-initializers -Wshorten-64-to-32 -Wno-long-long  -fno-common -pipe conftest.c  -L. -L/Users/esdrasmayrink/.rvm/rubies/ruby-1.9.2-p136/lib -L. -L/usr/local/lib     -lruby.1.9.1-static -llevenshtein_array  -lpthread -ldl -lobjc "
ld: library not found for -llevenshtein_array
collect2: ld returned 1 exit status
checked program was:
/* begin */
1: #include "ruby.h"
2: 
3: /*top*/
4: int main() {return 0;}
5: int t() { main(); return 0; }
/* end */

--------------------

have_library: checking for main() in -llevenshtein_array_of_strings... -------------------- no

"gcc -o conftest -I/Users/esdrasmayrink/.rvm/rubies/ruby-1.9.2-p136/include/ruby-1.9.1/x86_64-darwin10.5.0 -I/Users/esdrasmayrink/.rvm/rubies/ruby-1.9.2-p136/include/ruby-1.9.1/ruby/backward -I/Users/esdrasmayrink/.rvm/rubies/ruby-1.9.2-p136/include/ruby-1.9.1 -I../../../../ext/levenshtein_in_c -D_XOPEN_SOURCE -D_DARWIN_C_SOURCE    -O3 -ggdb -Wextra -Wno-unused-parameter -Wno-parentheses -Wpointer-arith -Wwrite-strings -Wno-missing-field-initializers -Wshorten-64-to-32 -Wno-long-long  -fno-common -pipe conftest.c  -L. -L/Users/esdrasmayrink/.rvm/rubies/ruby-1.9.2-p136/lib -L. -L/usr/local/lib     -lruby.1.9.1-static -llevenshtein_array_of_strings  -lpthread -ldl -lobjc "
ld: library not found for -llevenshtein_array_of_strings
collect2: ld returned 1 exit status
checked program was:
/* begin */
1: #include "ruby.h"
2: 
3: /*top*/
4: int main() {return 0;}
5: int t() { void ((*volatile p)()); p = (void ((*)()))main; return 0; }
/* end */

"gcc -o conftest -I/Users/esdrasmayrink/.rvm/rubies/ruby-1.9.2-p136/include/ruby-1.9.1/x86_64-darwin10.5.0 -I/Users/esdrasmayrink/.rvm/rubies/ruby-1.9.2-p136/include/ruby-1.9.1/ruby/backward -I/Users/esdrasmayrink/.rvm/rubies/ruby-1.9.2-p136/include/ruby-1.9.1 -I../../../../ext/levenshtein_in_c -D_XOPEN_SOURCE -D_DARWIN_C_SOURCE    -O3 -ggdb -Wextra -Wno-unused-parameter -Wno-parentheses -Wpointer-arith -Wwrite-strings -Wno-missing-field-initializers -Wshorten-64-to-32 -Wno-long-long  -fno-common -pipe conftest.c  -L. -L/Users/esdrasmayrink/.rvm/rubies/ruby-1.9.2-p136/lib -L. -L/usr/local/lib     -lruby.1.9.1-static -llevenshtein_array_of_strings  -lpthread -ldl -lobjc "
ld: library not found for -llevenshtein_array_of_strings
collect2: ld returned 1 exit status
checked program was:
/* begin */
1: #include "ruby.h"
2: 
3: /*top*/
4: int main() {return 0;}
5: int t() { main(); return 0; }
/* end */

--------------------

have_library: checking for main() in -llevenshtein_generic... -------------------- no

"gcc -o conftest -I/Users/esdrasmayrink/.rvm/rubies/ruby-1.9.2-p136/include/ruby-1.9.1/x86_64-darwin10.5.0 -I/Users/esdrasmayrink/.rvm/rubies/ruby-1.9.2-p136/include/ruby-1.9.1/ruby/backward -I/Users/esdrasmayrink/.rvm/rubies/ruby-1.9.2-p136/include/ruby-1.9.1 -I../../../../ext/levenshtein_in_c -D_XOPEN_SOURCE -D_DARWIN_C_SOURCE    -O3 -ggdb -Wextra -Wno-unused-parameter -Wno-parentheses -Wpointer-arith -Wwrite-strings -Wno-missing-field-initializers -Wshorten-64-to-32 -Wno-long-long  -fno-common -pipe conftest.c  -L. -L/Users/esdrasmayrink/.rvm/rubies/ruby-1.9.2-p136/lib -L. -L/usr/local/lib     -lruby.1.9.1-static -llevenshtein_generic  -lpthread -ldl -lobjc "
ld: library not found for -llevenshtein_generic
collect2: ld returned 1 exit status
checked program was:
/* begin */
1: #include "ruby.h"
2: 
3: /*top*/
4: int main() {return 0;}
5: int t() { void ((*volatile p)()); p = (void ((*)()))main; return 0; }
/* end */

"gcc -o conftest -I/Users/esdrasmayrink/.rvm/rubies/ruby-1.9.2-p136/include/ruby-1.9.1/x86_64-darwin10.5.0 -I/Users/esdrasmayrink/.rvm/rubies/ruby-1.9.2-p136/include/ruby-1.9.1/ruby/backward -I/Users/esdrasmayrink/.rvm/rubies/ruby-1.9.2-p136/include/ruby-1.9.1 -I../../../../ext/levenshtein_in_c -D_XOPEN_SOURCE -D_DARWIN_C_SOURCE    -O3 -ggdb -Wextra -Wno-unused-parameter -Wno-parentheses -Wpointer-arith -Wwrite-strings -Wno-missing-field-initializers -Wshorten-64-to-32 -Wno-long-long  -fno-common -pipe conftest.c  -L. -L/Users/esdrasmayrink/.rvm/rubies/ruby-1.9.2-p136/lib -L. -L/usr/local/lib     -lruby.1.9.1-static -llevenshtein_generic  -lpthread -ldl -lobjc "
ld: library not found for -llevenshtein_generic
collect2: ld returned 1 exit status
checked program was:
/* begin */
1: #include "ruby.h"
2: 
3: /*top*/
4: int main() {return 0;}
5: int t() { main(); return 0; }
/* end */

--------------------

have_library: checking for main() in -llevenshtein_string... -------------------- no

"gcc -o conftest -I/Users/esdrasmayrink/.rvm/rubies/ruby-1.9.2-p136/include/ruby-1.9.1/x86_64-darwin10.5.0 -I/Users/esdrasmayrink/.rvm/rubies/ruby-1.9.2-p136/include/ruby-1.9.1/ruby/backward -I/Users/esdrasmayrink/.rvm/rubies/ruby-1.9.2-p136/include/ruby-1.9.1 -I../../../../ext/levenshtein_in_c -D_XOPEN_SOURCE -D_DARWIN_C_SOURCE    -O3 -ggdb -Wextra -Wno-unused-parameter -Wno-parentheses -Wpointer-arith -Wwrite-strings -Wno-missing-field-initializers -Wshorten-64-to-32 -Wno-long-long  -fno-common -pipe conftest.c  -L. -L/Users/esdrasmayrink/.rvm/rubies/ruby-1.9.2-p136/lib -L. -L/usr/local/lib     -lruby.1.9.1-static -llevenshtein_string  -lpthread -ldl -lobjc "
ld: library not found for -llevenshtein_string
collect2: ld returned 1 exit status
checked program was:
/* begin */
1: #include "ruby.h"
2: 
3: /*top*/
4: int main() {return 0;}
5: int t() { void ((*volatile p)()); p = (void ((*)()))main; return 0; }
/* end */

"gcc -o conftest -I/Users/esdrasmayrink/.rvm/rubies/ruby-1.9.2-p136/include/ruby-1.9.1/x86_64-darwin10.5.0 -I/Users/esdrasmayrink/.rvm/rubies/ruby-1.9.2-p136/include/ruby-1.9.1/ruby/backward -I/Users/esdrasmayrink/.rvm/rubies/ruby-1.9.2-p136/include/ruby-1.9.1 -I../../../../ext/levenshtein_in_c -D_XOPEN_SOURCE -D_DARWIN_C_SOURCE    -O3 -ggdb -Wextra -Wno-unused-parameter -Wno-parentheses -Wpointer-arith -Wwrite-strings -Wno-missing-field-initializers -Wshorten-64-to-32 -Wno-long-long  -fno-common -pipe conftest.c  -L. -L/Users/esdrasmayrink/.rvm/rubies/ruby-1.9.2-p136/lib -L. -L/usr/local/lib     -lruby.1.9.1-static -llevenshtein_string  -lpthread -ldl -lobjc "
ld: library not found for -llevenshtein_string
collect2: ld returned 1 exit status
checked program was:
/* begin */
1: #include "ruby.h"
2: 
3: /*top*/
4: int main() {return 0;}
5: int t() { main(); return 0; }
/* end */

--------------------

